#
# There is insufficient memory for the Java Runtime Environment to continue.
# Native memory allocation (malloc) failed to allocate 65552 bytes for Chunk::new
# Possible reasons:
#   The system is out of physical RAM or swap space
#   In 32 bit mode, the process size limit was hit
# Possible solutions:
#   Reduce memory load on the system
#   Increase physical memory or swap space
#   Check if swap backing store is full
#   Use 64 bit Java on a 64 bit OS
#   Decrease Java heap size (-Xmx/-Xms)
#   Decrease number of Java threads
#   Decrease Java thread stack sizes (-Xss)
#   Set larger code cache with -XX:ReservedCodeCacheSize=
# This output file may be truncated or incomplete.
#
#  Out of Memory Error (allocation.cpp:390), pid=5916, tid=3904
#
# JRE version: Java(TM) SE Runtime Environment (8.0_60-b27) (build 1.8.0_60-b27)
# Java VM: Java HotSpot(TM) 64-Bit Server VM (25.60-b23 mixed mode windows-amd64 compressed oops)
# Failed to write core dump. Minidumps are not enabled by default on client versions of Windows
#

---------------  T H R E A D  ---------------

Current thread (0x000000001531c800):  JavaThread "C2 CompilerThread0" daemon [_thread_in_native, id=3904, stack(0x0000000016950000,0x0000000016a50000)]

Stack: [0x0000000016950000,0x0000000016a50000]
[error occurred during error reporting (printing stack bounds), id 0xc0000005]

Native frames: (J=compiled Java code, j=interpreted, Vv=VM code, C=native code)


Current CompileTask:
C2:   1151 1062       4       com.android.dx.ssa.back.LivenessAnalyzer::handleTailRecursion (94 bytes)


---------------  P R O C E S S  ---------------

Java Threads: ( => current thread )
  0x0000000016d99000 JavaThread "pool-1-thread-4" [_thread_in_Java, id=6528, stack(0x0000000017650000,0x0000000017750000)]
  0x0000000016d8e000 JavaThread "pool-1-thread-3" [_thread_in_Java, id=320, stack(0x0000000017550000,0x0000000017650000)]
  0x0000000016d8d000 JavaThread "pool-1-thread-2" [_thread_in_Java, id=6892, stack(0x0000000017450000,0x0000000017550000)]
  0x0000000016d8a000 JavaThread "pool-2-thread-1" [_thread_blocked, id=3980, stack(0x0000000017350000,0x0000000017450000)]
  0x0000000016d7f800 JavaThread "pool-1-thread-1" [_thread_in_Java, id=1456, stack(0x0000000017250000,0x0000000017350000)]
  0x0000000016c7d000 JavaThread "Service Thread" daemon [_thread_blocked, id=3628, stack(0x0000000017050000,0x0000000017150000)]
  0x0000000015330000 JavaThread "C1 CompilerThread2" daemon [_thread_in_native, id=4224, stack(0x0000000016b50000,0x0000000016c50000)]
  0x0000000015320000 JavaThread "C2 CompilerThread1" daemon [_thread_in_vm, id=5824, stack(0x0000000016a50000,0x0000000016b50000)]
=>0x000000001531c800 JavaThread "C2 CompilerThread0" daemon [_thread_in_native, id=3904, stack(0x0000000016950000,0x0000000016a50000)]
  0x000000001531b000 JavaThread "Attach Listener" daemon [_thread_blocked, id=5180, stack(0x0000000016850000,0x0000000016950000)]
  0x0000000015319800 JavaThread "Signal Dispatcher" daemon [_thread_blocked, id=4428, stack(0x0000000016750000,0x0000000016850000)]
  0x0000000002b96800 JavaThread "Finalizer" daemon [_thread_blocked, id=6516, stack(0x0000000016570000,0x0000000016670000)]
  0x0000000002b8d800 JavaThread "Reference Handler" daemon [_thread_blocked, id=3228, stack(0x0000000016470000,0x0000000016570000)]
  0x0000000002aa0800 JavaThread "main" [_thread_in_vm, id=4732, stack(0x0000000001200000,0x0000000001300000)]

Other Threads:
  0x00000000152e8000 VMThread [stack: 0x0000000016370000,0x0000000016470000] [id=6004]
  0x0000000016ca1800 WatcherThread [stack: 0x0000000017150000,0x0000000017250000] [id=5604]

VM state:not at safepoint (normal execution)

VM Mutex/Monitor currently owned by a thread: None

Heap:
 PSYoungGen      total 18944K, used 11756K [0x00000000eab00000, 0x00000000ec000000, 0x0000000100000000)
  eden space 16384K, 56% used [0x00000000eab00000,0x00000000eb3ff010,0x00000000ebb00000)
  from space 2560K, 99% used [0x00000000ebb00000,0x00000000ebd7c028,0x00000000ebd80000)
  to   space 2560K, 0% used [0x00000000ebd80000,0x00000000ebd80000,0x00000000ec000000)
 ParOldGen       total 44032K, used 1589K [0x00000000c0000000, 0x00000000c2b00000, 0x00000000eab00000)
  object space 44032K, 3% used [0x00000000c0000000,0x00000000c018d708,0x00000000c2b00000)
 Metaspace       used 5601K, capacity 6832K, committed 7040K, reserved 1056768K
  class space    used 573K, capacity 616K, committed 640K, reserved 1048576K

Card table byte_map: [0x0000000012010000,0x0000000012220000] byte_map_base: 0x0000000011a10000

Marking Bits: (ParMarkBitMap*) 0x000000006633a5b0
 Begin Bits: [0x0000000012780000, 0x0000000013780000)
 End Bits:   [0x0000000013780000, 0x0000000014780000)

Polling page: 0x0000000000fe0000

CodeCache: size=245760Kb used=4237Kb max_used=4246Kb free=241522Kb
 bounds [0x0000000002c50000, 0x0000000003080000, 0x0000000011c50000]
 total_blobs=1342 nmethods=1080 adapters=175
 compilation: enabled

Compilation events (10 events):
Event: 1.145 Thread 0x0000000015330000 nmethod 1087 0x0000000003065290 code [0x00000000030653e0, 0x00000000030654f0]
Event: 1.145 Thread 0x0000000015330000 1085       3       com.android.dx.ssa.back.FirstFitLocalCombiningAllocator::tryMapRegs (110 bytes)
Event: 1.147 Thread 0x0000000015330000 nmethod 1085 0x000000000306d950 code [0x000000000306dba0, 0x000000000306e918]
Event: 1.147 Thread 0x0000000015330000 1084       3       com.android.dx.rop.code.DexTranslationAdvice::totalRopWidth (36 bytes)
Event: 1.147 Thread 0x0000000015320000 nmethod 1080 0x0000000003064c90 code [0x0000000003064de0, 0x0000000003065098]
Event: 1.147 Thread 0x0000000015320000 1082       4       com.android.dx.ssa.SsaBasicBlock::forEachInsn (37 bytes)
Event: 1.148 Thread 0x0000000015330000 nmethod 1084 0x0000000003065fd0 code [0x0000000003066180, 0x0000000003066968]
Event: 1.148 Thread 0x0000000015330000 1090       3       com.android.dx.rop.code.RegisterSpecSet::intersect (117 bytes)
Event: 1.149 Thread 0x0000000015330000 nmethod 1090 0x00000000030736d0 code [0x00000000030738c0, 0x00000000030742b8]
Event: 1.149 Thread 0x0000000015330000 1089       3       com.android.dx.ssa.SsaMethod::mapRegisters (87 bytes)

GC Heap History (2 events):
Event: 0.859 GC heap before
{Heap before GC invocations=1 (full 0):
 PSYoungGen      total 18944K, used 16384K [0x00000000eab00000, 0x00000000ec000000, 0x0000000100000000)
  eden space 16384K, 100% used [0x00000000eab00000,0x00000000ebb00000,0x00000000ebb00000)
  from space 2560K, 0% used [0x00000000ebd80000,0x00000000ebd80000,0x00000000ec000000)
  to   space 2560K, 0% used [0x00000000ebb00000,0x00000000ebb00000,0x00000000ebd80000)
 ParOldGen       total 44032K, used 0K [0x00000000c0000000, 0x00000000c2b00000, 0x00000000eab00000)
  object space 44032K, 0% used [0x00000000c0000000,0x00000000c0000000,0x00000000c2b00000)
 Metaspace       used 5468K, capacity 6704K, committed 6784K, reserved 1056768K
  class space    used 569K, capacity 616K, committed 640K, reserved 1048576K
Event: 0.875 GC heap after
Heap after GC invocations=1 (full 0):
 PSYoungGen      total 18944K, used 2544K [0x00000000eab00000, 0x00000000ec000000, 0x0000000100000000)
  eden space 16384K, 0% used [0x00000000eab00000,0x00000000eab00000,0x00000000ebb00000)
  from space 2560K, 99% used [0x00000000ebb00000,0x00000000ebd7c028,0x00000000ebd80000)
  to   space 2560K, 0% used [0x00000000ebd80000,0x00000000ebd80000,0x00000000ec000000)
 ParOldGen       total 44032K, used 1589K [0x00000000c0000000, 0x00000000c2b00000, 0x00000000eab00000)
  object space 44032K, 3% used [0x00000000c0000000,0x00000000c018d708,0x00000000c2b00000)
 Metaspace       used 5468K, capacity 6704K, committed 6784K, reserved 1056768K
  class space    used 569K, capacity 616K, committed 640K, reserved 1048576K
}

Deoptimization events (10 events):
Event: 0.878 Thread 0x0000000016d7f800 Uncommon trap: reason=class_check action=maybe_recompile pc=0x0000000002f15068 method=com.android.dx.rop.type.Type.equals(Ljava/lang/Object;)Z @ 8
Event: 0.880 Thread 0x0000000016d7f800 Uncommon trap: reason=class_check action=maybe_recompile pc=0x0000000002f15068 method=com.android.dx.rop.type.Type.equals(Ljava/lang/Object;)Z @ 8
Event: 0.880 Thread 0x0000000016d7f800 Uncommon trap: reason=class_check action=maybe_recompile pc=0x0000000002f15068 method=com.android.dx.rop.type.Type.equals(Ljava/lang/Object;)Z @ 8
Event: 0.907 Thread 0x0000000016d7f800 Uncommon trap: reason=null_check action=make_not_entrant pc=0x0000000002f51d68 method=com.android.dx.rop.type.Type.equals(Ljava/lang/Object;)Z @ 8
Event: 0.958 Thread 0x0000000002aa0800 Uncommon trap: reason=unstable_if action=reinterpret pc=0x0000000002f88d2c method=com.android.dx.rop.code.RegisterSpecSet.put(Lcom/android/dx/rop/code/RegisterSpec;)V @ 77
Event: 0.963 Thread 0x0000000002aa0800 Uncommon trap: reason=class_check action=maybe_recompile pc=0x0000000002ec4a94 method=com.android.dx.ssa.NormalSsaInsn.accept(Lcom/android/dx/ssa/SsaInsn$Visitor;)V @ 9
Event: 0.963 Thread 0x0000000002aa0800 Uncommon trap: reason=class_check action=maybe_recompile pc=0x0000000002e963b0 method=com.android.dx.ssa.NormalSsaInsn.accept(Lcom/android/dx/ssa/SsaInsn$Visitor;)V @ 9
Event: 0.963 Thread 0x0000000002aa0800 Uncommon trap: reason=class_check action=maybe_recompile pc=0x0000000002e963b0 method=com.android.dx.ssa.NormalSsaInsn.accept(Lcom/android/dx/ssa/SsaInsn$Visitor;)V @ 9
Event: 0.963 Thread 0x0000000002aa0800 Uncommon trap: reason=class_check action=maybe_recompile pc=0x0000000002e963b0 method=com.android.dx.ssa.NormalSsaInsn.accept(Lcom/android/dx/ssa/SsaInsn$Visitor;)V @ 9
Event: 1.032 Thread 0x0000000016d8d000 Uncommon trap: reason=class_check action=maybe_recompile pc=0x0000000002ec4a94 method=com.android.dx.ssa.NormalSsaInsn.accept(Lcom/android/dx/ssa/SsaInsn$Visitor;)V @ 9

Internal exceptions (3 events):
Event: 0.103 Thread 0x0000000002aa0800 Exception <a 'java/lang/NoSuchMethodError': Method sun.misc.Unsafe.defineClass(Ljava/lang/String;[BII)Ljava/lang/Class; name or signature does not match> (0x00000000eab0d520) thrown at [C:\re\workspace\8-2-build-windows-amd64-cygwin\jdk8u60\4407\hotspot\srº≈Î§∆P∫?
Event: 0.103 Thread 0x0000000002aa0800 Exception <a 'java/lang/NoSuchMethodError': Method sun.misc.Unsafe.prefetchRead(Ljava/lang/Object;J)V name or signature does not match> (0x00000000eab0d808) thrown at [C:\re\workspace\8-2-build-windows-amd64-cygwin\jdk8u60\4407\hotspot\src\share\vm\prims\jŒ'ô•¿Ì?
Event: 0.907 Thread 0x0000000016d7f800 Implicit null exception at 0x0000000002f51c62 to 0x0000000002f51d5a

Events (10 events):
Event: 0.963 Thread 0x0000000002aa0800 DEOPT UNPACKING pc=0x0000000002c9582a sp=0x00000000012fde30 mode 2
Event: 0.963 Thread 0x0000000002aa0800 Uncommon trap: trap_request=0xffffffde fr.pc=0x0000000002e963b0
Event: 0.963 Thread 0x0000000002aa0800 DEOPT PACKING pc=0x0000000002e963b0 sp=0x00000000012fde90
Event: 0.963 Thread 0x0000000002aa0800 DEOPT UNPACKING pc=0x0000000002c9582a sp=0x00000000012fde30 mode 2
Event: 0.963 Thread 0x0000000002aa0800 Uncommon trap: trap_request=0xffffffde fr.pc=0x0000000002e963b0
Event: 0.963 Thread 0x0000000002aa0800 DEOPT PACKING pc=0x0000000002e963b0 sp=0x00000000012fde90
Event: 0.963 Thread 0x0000000002aa0800 DEOPT UNPACKING pc=0x0000000002c9582a sp=0x00000000012fde30 mode 2
Event: 1.032 Thread 0x0000000016d8d000 Uncommon trap: trap_request=0xffffffde fr.pc=0x0000000002ec4a94
Event: 1.032 Thread 0x0000000016d8d000 DEOPT PACKING pc=0x0000000002ec4a94 sp=0x000000001754e990
Event: 1.032 Thread 0x0000000016d8d000 DEOPT UNPACKING pc=0x0000000002c9582a sp=0x000000001754e8d0 mode 2


Dynamic libraries:
0x00007ff6af800000 - 0x00007ff6af837000 	C:\Program Files\Java\jdk1.8.0_60\bin\java.exe
0x00007ffd22e00000 - 0x00007ffd22fac000 	C:\Windows\SYSTEM32\ntdll.dll
0x00007ffd215e0000 - 0x00007ffd2171e000 	C:\Windows\system32\KERNEL32.DLL
0x00007ffd20030000 - 0x00007ffd20145000 	C:\Windows\system32\KERNELBASE.dll
0x00007ffd1d860000 - 0x00007ffd1d8ee000 	C:\Windows\system32\apphelp.dll
0x00007ffd11030000 - 0x00007ffd11083000 	C:\Windows\AppPatch\AppPatch64\AcGenral.DLL
0x00007ffd21470000 - 0x00007ffd2151a000 	C:\Windows\system32\msvcrt.dll
0x00007ffd1fd30000 - 0x00007ffd1fd5e000 	C:\Windows\SYSTEM32\SspiCli.dll
0x00007ffd20560000 - 0x00007ffd205b4000 	C:\Windows\system32\SHLWAPI.dll
0x00007ffd20680000 - 0x00007ffd207f7000 	C:\Windows\system32\USER32.dll
0x00007ffd20d00000 - 0x00007ffd20e94000 	C:\Windows\system32\ole32.dll
0x00007ffd218e0000 - 0x00007ffd22df8000 	C:\Windows\system32\SHELL32.dll
0x00007ffd1f4a0000 - 0x00007ffd1f4c1000 	C:\Windows\SYSTEM32\USERENV.dll
0x00007ffd21200000 - 0x00007ffd212aa000 	C:\Windows\system32\ADVAPI32.dll
0x00007ffd11bd0000 - 0x00007ffd11bee000 	C:\Windows\SYSTEM32\MPR.dll
0x00007ffd20810000 - 0x00007ffd20951000 	C:\Windows\system32\RPCRT4.dll
0x00007ffd20620000 - 0x00007ffd20679000 	C:\Windows\SYSTEM32\sechost.dll
0x00007ffd20970000 - 0x00007ffd20b81000 	C:\Windows\SYSTEM32\combase.dll
0x00007ffd21720000 - 0x00007ffd21870000 	C:\Windows\system32\GDI32.dll
0x00007ffd1ff60000 - 0x00007ffd1ff75000 	C:\Windows\SYSTEM32\profapi.dll
0x00007ffd1eab0000 - 0x00007ffd1eb62000 	C:\Windows\SYSTEM32\SHCORE.dll
0x00007ffd211c0000 - 0x00007ffd211f6000 	C:\Windows\system32\IMM32.DLL
0x00007ffd20ba0000 - 0x00007ffd20cf1000 	C:\Windows\system32\MSCTF.dll
0x00007ffd1dea0000 - 0x00007ffd1e11a000 	C:\Windows\WinSxS\amd64_microsoft.windows.common-controls_6595b64144ccf1df_6.0.9600.17810_none_6240b9c7ecbd0bda\COMCTL32.dll
0x00000000656b0000 - 0x0000000065782000 	C:\Program Files\Java\jdk1.8.0_60\jre\bin\msvcr100.dll
0x0000000065b30000 - 0x00000000663b9000 	C:\Program Files\Java\jdk1.8.0_60\jre\bin\server\jvm.dll
0x00007ffd17610000 - 0x00007ffd17619000 	C:\Windows\SYSTEM32\WSOCK32.dll
0x00007ffd1e480000 - 0x00007ffd1e4a2000 	C:\Windows\SYSTEM32\WINMM.dll
0x00007ffd1e4b0000 - 0x00007ffd1e4ba000 	C:\Windows\SYSTEM32\VERSION.dll
0x00007ffd21460000 - 0x00007ffd21467000 	C:\Windows\system32\PSAPI.DLL
0x00007ffd20ec0000 - 0x00007ffd20f1a000 	C:\Windows\system32\WS2_32.dll
0x00007ffd1da50000 - 0x00007ffd1da7a000 	C:\Windows\SYSTEM32\WINMMBASE.dll
0x00007ffd20b90000 - 0x00007ffd20b99000 	C:\Windows\system32\NSI.dll
0x00007ffd201b0000 - 0x00007ffd201ff000 	C:\Windows\SYSTEM32\cfgmgr32.dll
0x00007ffd1ed70000 - 0x00007ffd1ed98000 	C:\Windows\SYSTEM32\DEVOBJ.dll
0x0000000065b20000 - 0x0000000065b2f000 	C:\Program Files\Java\jdk1.8.0_60\jre\bin\verify.dll
0x0000000065af0000 - 0x0000000065b19000 	C:\Program Files\Java\jdk1.8.0_60\jre\bin\java.dll
0x0000000065ad0000 - 0x0000000065ae6000 	C:\Program Files\Java\jdk1.8.0_60\jre\bin\zip.dll

VM Arguments:
jvm_args: -Xmx1024M -Dfile.encoding=UTF-8 -Duser.country=US -Duser.language=en -Duser.variant 
java_command: com.android.dx.command.Main --dex --num-threads=4 --output D:\scheduler\Scheduler\app\build\intermediates\dex\debug D:\scheduler\Scheduler\app\build\intermediates\classes\debug D:\scheduler\Scheduler\app\build\intermediates\pre-dexed\debug\support-annotations-23.0.0-40d44c85bf99d4726cd6b94d0d29fcc276b1d1f6.jar D:\scheduler\Scheduler\app\build\intermediates\pre-dexed\debug\internal_impl-23.0.0-5fc4791c3eec23df31d0e5a1237c38f44cd52ec1.jar D:\scheduler\Scheduler\app\build\intermediates\pre-dexed\debug\classes-3e09610bdac7229d36a21f0afc71d3bdf1aea254.jar D:\scheduler\Scheduler\app\build\intermediates\pre-dexed\debug\classes-d78ed4e6cab8ffbe517405eb5f4561e403d8b0a5.jar
java_class_path (initial): C:\Users\Angga Ari Wijaya\AppData\Local\Android\sdk\build-tools\23.0.0\lib\dx.jar
Launcher Type: SUN_STANDARD

Environment Variables:
PATH=C:\ProgramData\Oracle\Java\javapath;C:\Windows\system32;C:\Windows;C:\Windows\System32\Wbem;C:\Windows\System32\WindowsPowerShell\v1.0\;C:\Program Files (x86)\NVIDIA Corporation\PhysX\Common;C:\HashiCorp\Vagrant\bin;C:\xampp\php;C:\ProgramData\ComposerSetup\bin;C:\Program Files (x86)\QuickTime\QTSystem\
USERNAME=Angga
OS=Windows_NT
PROCESSOR_IDENTIFIER=Intel64 Family 6 Model 69 Stepping 1, GenuineIntel



---------------  S Y S T E M  ---------------

OS: Windows 8.1 , 64 bit Build 9600 (6.3.9600.17415)

CPU:total 4 (2 cores per cpu, 2 threads per core) family 6 model 69 stepping 1, cmov, cx8, fxsr, mmx, sse, sse2, sse3, ssse3, sse4.1, sse4.2, popcnt, avx, avx2, aes, clmul, erms, lzcnt, ht, tsc, tscinvbit, bmi1, bmi2

Memory: 4k page, physical 4095988k(391032k free), swap 7241716k(5184k free)

vm_info: Java HotSpot(TM) 64-Bit Server VM (25.60-b23) for windows-amd64 JRE (1.8.0_60-b27), built on Aug  4 2015 11:06:27 by "java_re" with MS VC++ 10.0 (VS2010)

time: Fri Oct 09 08:43:21 2015
elapsed time: 1 seconds (0d 0h 0m 1s)

