#
# There is insufficient memory for the Java Runtime Environment to continue.
# Native memory allocation (malloc) failed to allocate 1429936 bytes for Chunk::new
# Possible reasons:
#   The system is out of physical RAM or swap space
#   In 32 bit mode, the process size limit was hit
# Possible solutions:
#   Reduce memory load on the system
#   Increase physical memory or swap space
#   Check if swap backing store is full
#   Use 64 bit Java on a 64 bit OS
#   Decrease Java heap size (-Xmx/-Xms)
#   Decrease number of Java threads
#   Decrease Java thread stack sizes (-Xss)
#   Set larger code cache with -XX:ReservedCodeCacheSize=
# This output file may be truncated or incomplete.
#
#  Out of Memory Error (allocation.cpp:390), pid=5552, tid=1400
#
# JRE version: Java(TM) SE Runtime Environment (8.0_60-b27) (build 1.8.0_60-b27)
# Java VM: Java HotSpot(TM) 64-Bit Server VM (25.60-b23 mixed mode windows-amd64 compressed oops)
# Failed to write core dump. Minidumps are not enabled by default on client versions of Windows
#

---------------  T H R E A D  ---------------

Current thread (0x000000001509d000):  JavaThread "C2 CompilerThread0" daemon [_thread_in_native, id=1400, stack(0x00000000166f0000,0x00000000167f0000)]

Stack: [0x00000000166f0000,0x00000000167f0000]
[error occurred during error reporting (printing stack bounds), id 0xc0000005]

Native frames: (J=compiled Java code, j=interpreted, Vv=VM code, C=native code)


Current CompileTask:
C2:   2251 1366       4       com.android.dx.dex.code.OutputFinisher::addConstants (93 bytes)


---------------  P R O C E S S  ---------------

Java Threads: ( => current thread )
  0x0000000016a16000 JavaThread "Service Thread" daemon [_thread_blocked, id=4528, stack(0x0000000016df0000,0x0000000016ef0000)]
  0x00000000150a7800 JavaThread "C1 CompilerThread2" daemon [_thread_in_native, id=2328, stack(0x00000000168f0000,0x00000000169f0000)]
  0x00000000150a0800 JavaThread "C2 CompilerThread1" daemon [_thread_in_native, id=7188, stack(0x00000000167f0000,0x00000000168f0000)]
=>0x000000001509d000 JavaThread "C2 CompilerThread0" daemon [_thread_in_native, id=1400, stack(0x00000000166f0000,0x00000000167f0000)]
  0x000000001509c000 JavaThread "Attach Listener" daemon [_thread_blocked, id=7656, stack(0x00000000165f0000,0x00000000166f0000)]
  0x000000001509b000 JavaThread "Signal Dispatcher" daemon [_thread_blocked, id=7568, stack(0x00000000164f0000,0x00000000165f0000)]
  0x00000000029c8000 JavaThread "Finalizer" daemon [_thread_blocked, id=3124, stack(0x0000000016310000,0x0000000016410000)]
  0x00000000029bf000 JavaThread "Reference Handler" daemon [_thread_blocked, id=6068, stack(0x0000000016210000,0x0000000016310000)]
  0x00000000028d0800 JavaThread "main" [_thread_in_native, id=8168, stack(0x00000000026f0000,0x00000000027f0000)]

Other Threads:
  0x0000000015067800 VMThread [stack: 0x0000000016110000,0x0000000016210000] [id=1844]
  0x0000000016a3b000 WatcherThread [stack: 0x0000000016ef0000,0x0000000016ff0000] [id=1392]

VM state:not at safepoint (normal execution)

VM Mutex/Monitor currently owned by a thread: None

Heap:
 PSYoungGen      total 18944K, used 14111K [0x00000000eab00000, 0x00000000ec000000, 0x0000000100000000)
  eden space 16384K, 70% used [0x00000000eab00000,0x00000000eb64e990,0x00000000ebb00000)
  from space 2560K, 98% used [0x00000000ebd80000,0x00000000ebff9568,0x00000000ec000000)
  to   space 2560K, 0% used [0x00000000ebb00000,0x00000000ebb00000,0x00000000ebd80000)
 ParOldGen       total 44032K, used 4292K [0x00000000c0000000, 0x00000000c2b00000, 0x00000000eab00000)
  object space 44032K, 9% used [0x00000000c0000000,0x00000000c0431150,0x00000000c2b00000)
 Metaspace       used 6166K, capacity 7152K, committed 7296K, reserved 1056768K
  class space    used 608K, capacity 616K, committed 640K, reserved 1048576K

Card table byte_map: [0x0000000011d90000,0x0000000011fa0000] byte_map_base: 0x0000000011790000

Marking Bits: (ParMarkBitMap*) 0x000000006633a5b0
 Begin Bits: [0x0000000012500000, 0x0000000013500000)
 End Bits:   [0x0000000013500000, 0x0000000014500000)

Polling page: 0x0000000000f90000

CodeCache: size=245760Kb used=5717Kb max_used=5717Kb free=240042Kb
 bounds [0x00000000029d0000, 0x0000000002f70000, 0x00000000119d0000]
 total_blobs=1769 nmethods=1500 adapters=182
 compilation: enabled

Compilation events (10 events):
Event: 2.229 Thread 0x00000000150a7800 nmethod 1482 0x0000000002f4f750 code [0x0000000002f4fb80, 0x0000000002f520f8]
Event: 2.229 Thread 0x00000000150a7800 1484       3       com.android.dx.dex.code.OutputFinisher::calculateReservedCount (122 bytes)
Event: 2.230 Thread 0x00000000150a7800 nmethod 1484 0x0000000002f4e250 code [0x0000000002f4e460, 0x0000000002f4ef98]
Event: 2.230 Thread 0x00000000150a7800 1483       3       com.android.dx.dex.code.DalvInsnList::makeImmutable (51 bytes)
Event: 2.232 Thread 0x00000000150a7800 nmethod 1483 0x0000000002f53d10 code [0x0000000002f53f80, 0x0000000002f54eb8]
Event: 2.232 Thread 0x00000000150a7800 1485       3       com.android.dx.dex.code.OutputFinisher::massageInstructions (89 bytes)
Event: 2.233 Thread 0x00000000150a7800 nmethod 1485 0x0000000002f55b10 code [0x0000000002f55d60, 0x0000000002f569b8]
Event: 2.233 Thread 0x00000000150a7800 1488       3       com.android.dx.rop.code.RegisterSpecSet::findMatchingLocal (49 bytes)
Event: 2.233 Thread 0x00000000150a7800 nmethod 1488 0x0000000002f47590 code [0x0000000002f47720, 0x0000000002f47ae8]
Event: 2.233 Thread 0x00000000150a7800 1490       3       com.android.dx.dex.code.LocalList::set (7 bytes)

GC Heap History (4 events):
Event: 1.258 GC heap before
{Heap before GC invocations=1 (full 0):
 PSYoungGen      total 18944K, used 16384K [0x00000000eab00000, 0x00000000ec000000, 0x0000000100000000)
  eden space 16384K, 100% used [0x00000000eab00000,0x00000000ebb00000,0x00000000ebb00000)
  from space 2560K, 0% used [0x00000000ebd80000,0x00000000ebd80000,0x00000000ec000000)
  to   space 2560K, 0% used [0x00000000ebb00000,0x00000000ebb00000,0x00000000ebd80000)
 ParOldGen       total 44032K, used 0K [0x00000000c0000000, 0x00000000c2b00000, 0x00000000eab00000)
  object space 44032K, 0% used [0x00000000c0000000,0x00000000c0000000,0x00000000c2b00000)
 Metaspace       used 5495K, capacity 6768K, committed 7040K, reserved 1056768K
  class space    used 569K, capacity 616K, committed 640K, reserved 1048576K
Event: 1.274 GC heap after
Heap after GC invocations=1 (full 0):
 PSYoungGen      total 18944K, used 2532K [0x00000000eab00000, 0x00000000ec000000, 0x0000000100000000)
  eden space 16384K, 0% used [0x00000000eab00000,0x00000000eab00000,0x00000000ebb00000)
  from space 2560K, 98% used [0x00000000ebb00000,0x00000000ebd79248,0x00000000ebd80000)
  to   space 2560K, 0% used [0x00000000ebd80000,0x00000000ebd80000,0x00000000ec000000)
 ParOldGen       total 44032K, used 1853K [0x00000000c0000000, 0x00000000c2b00000, 0x00000000eab00000)
  object space 44032K, 4% used [0x00000000c0000000,0x00000000c01cf448,0x00000000c2b00000)
 Metaspace       used 5495K, capacity 6768K, committed 7040K, reserved 1056768K
  class space    used 569K, capacity 616K, committed 640K, reserved 1048576K
}
Event: 1.675 GC heap before
{Heap before GC invocations=2 (full 0):
 PSYoungGen      total 18944K, used 18916K [0x00000000eab00000, 0x00000000ec000000, 0x0000000100000000)
  eden space 16384K, 100% used [0x00000000eab00000,0x00000000ebb00000,0x00000000ebb00000)
  from space 2560K, 98% used [0x00000000ebb00000,0x00000000ebd79248,0x00000000ebd80000)
  to   space 2560K, 0% used [0x00000000ebd80000,0x00000000ebd80000,0x00000000ec000000)
 ParOldGen       total 44032K, used 1853K [0x00000000c0000000, 0x00000000c2b00000, 0x00000000eab00000)
  object space 44032K, 4% used [0x00000000c0000000,0x00000000c01cf448,0x00000000c2b00000)
 Metaspace       used 5681K, capacity 6896K, committed 7040K, reserved 1056768K
  class space    used 573K, capacity 616K, committed 640K, reserved 1048576K
Event: 1.696 GC heap after
Heap after GC invocations=2 (full 0):
 PSYoungGen      total 18944K, used 2533K [0x00000000eab00000, 0x00000000ec000000, 0x0000000100000000)
  eden space 16384K, 0% used [0x00000000eab00000,0x00000000eab00000,0x00000000ebb00000)
  from space 2560K, 98% used [0x00000000ebd80000,0x00000000ebff9568,0x00000000ec000000)
  to   space 2560K, 0% used [0x00000000ebb00000,0x00000000ebb00000,0x00000000ebd80000)
 ParOldGen       total 44032K, used 4292K [0x00000000c0000000, 0x00000000c2b00000, 0x00000000eab00000)
  object space 44032K, 9% used [0x00000000c0000000,0x00000000c0431150,0x00000000c2b00000)
 Metaspace       used 5681K, capacity 6896K, committed 7040K, reserved 1056768K
  class space    used 573K, capacity 616K, committed 640K, reserved 1048576K
}

Deoptimization events (10 events):
Event: 2.099 Thread 0x00000000028d0800 Uncommon trap: reason=unstable_if action=reinterpret pc=0x0000000002f0613c method=java.util.HashMap.putVal(ILjava/lang/Object;Ljava/lang/Object;ZZ)Ljava/lang/Object; @ 94
Event: 2.204 Thread 0x00000000028d0800 Uncommon trap: reason=speculate_class_check action=maybe_recompile pc=0x0000000002d2103c method=com.android.dx.util.FixedSizeList.equals(Ljava/lang/Object;)Z @ 25
Event: 2.204 Thread 0x00000000028d0800 Uncommon trap: reason=class_check action=maybe_recompile pc=0x0000000002cd354c method=java.util.Arrays.equals([Ljava/lang/Object;[Ljava/lang/Object;)Z @ 62
Event: 2.204 Thread 0x00000000028d0800 Uncommon trap: reason=speculate_class_check action=maybe_recompile pc=0x0000000002d2103c method=com.android.dx.util.FixedSizeList.equals(Ljava/lang/Object;)Z @ 25
Event: 2.204 Thread 0x00000000028d0800 Uncommon trap: reason=class_check action=maybe_recompile pc=0x0000000002cd354c method=java.util.Arrays.equals([Ljava/lang/Object;[Ljava/lang/Object;)Z @ 62
Event: 2.204 Thread 0x00000000028d0800 Uncommon trap: reason=speculate_class_check action=maybe_recompile pc=0x0000000002d2103c method=com.android.dx.util.FixedSizeList.equals(Ljava/lang/Object;)Z @ 25
Event: 2.204 Thread 0x00000000028d0800 Uncommon trap: reason=class_check action=maybe_recompile pc=0x0000000002cd354c method=java.util.Arrays.equals([Ljava/lang/Object;[Ljava/lang/Object;)Z @ 62
Event: 2.204 Thread 0x00000000028d0800 Uncommon trap: reason=speculate_class_check action=maybe_recompile pc=0x0000000002d2103c method=com.android.dx.util.FixedSizeList.equals(Ljava/lang/Object;)Z @ 25
Event: 2.204 Thread 0x00000000028d0800 Uncommon trap: reason=class_check action=maybe_recompile pc=0x0000000002cd354c method=java.util.Arrays.equals([Ljava/lang/Object;[Ljava/lang/Object;)Z @ 62
Event: 2.212 Thread 0x00000000028d0800 Uncommon trap: reason=unstable_if action=reinterpret pc=0x0000000002d17988 method=java.util.TreeMap.put(Ljava/lang/Object;Ljava/lang/Object;)Ljava/lang/Object; @ 163

Internal exceptions (4 events):
Event: 0.088 Thread 0x00000000028d0800 Exception <a 'java/lang/NoSuchMethodError': Method sun.misc.Unsafe.defineClass(Ljava/lang/String;[BII)Ljava/lang/Class; name or signature does not match> (0x00000000eab0d380) thrown at [C:\re\workspace\8-2-build-windows-amd64-cygwin\jdk8u60\4407\hotspot\sr²^ðšn†¶?
Event: 0.088 Thread 0x00000000028d0800 Exception <a 'java/lang/NoSuchMethodError': Method sun.misc.Unsafe.prefetchRead(Ljava/lang/Object;J)V name or signature does not match> (0x00000000eab0d668) thrown at [C:\re\workspace\8-2-build-windows-amd64-cygwin\jdk8u60\4407\hotspot\src\share\vm\prims\j´®“ýó?
Event: 1.249 Thread 0x00000000028d0800 Implicit null exception at 0x0000000002c92122 to 0x0000000002c92229
Event: 1.756 Thread 0x0000000016b38800 Implicit null exception at 0x0000000002eb2cf4 to 0x0000000002eb39f1

Events (10 events):
Event: 2.204 Thread 0x00000000028d0800 Uncommon trap: trap_request=0xffffffde fr.pc=0x0000000002cd354c
Event: 2.204 Thread 0x00000000028d0800 DEOPT PACKING pc=0x0000000002cd354c sp=0x00000000027eeda0
Event: 2.204 Thread 0x00000000028d0800 DEOPT UNPACKING pc=0x0000000002a1582a sp=0x00000000027eed40 mode 2
Event: 2.205 loading class com/android/dx/dex/code/CatchTable$Entry
Event: 2.205 loading class com/android/dx/dex/code/CatchTable$Entry done
Event: 2.207 loading class com/android/dx/util/ByteArrayAnnotatedOutput
Event: 2.207 loading class com/android/dx/util/ByteArrayAnnotatedOutput done
Event: 2.212 Thread 0x00000000028d0800 Uncommon trap: trap_request=0xffffff65 fr.pc=0x0000000002d17988
Event: 2.212 Thread 0x00000000028d0800 DEOPT PACKING pc=0x0000000002d17988 sp=0x00000000027ef030
Event: 2.212 Thread 0x00000000028d0800 DEOPT UNPACKING pc=0x0000000002a1582a sp=0x00000000027eefd0 mode 2


Dynamic libraries:
0x00007ff6af800000 - 0x00007ff6af837000 	C:\Program Files\Java\jdk1.8.0_60\bin\java.exe
0x00007ffd22e00000 - 0x00007ffd22fac000 	C:\Windows\SYSTEM32\ntdll.dll
0x00007ffd215e0000 - 0x00007ffd2171e000 	C:\Windows\system32\KERNEL32.DLL
0x00007ffd20030000 - 0x00007ffd20145000 	C:\Windows\system32\KERNELBASE.dll
0x00007ffd1d860000 - 0x00007ffd1d8ee000 	C:\Windows\system32\apphelp.dll
0x00007ffd11030000 - 0x00007ffd11083000 	C:\Windows\AppPatch\AppPatch64\AcGenral.DLL
0x00007ffd21470000 - 0x00007ffd2151a000 	C:\Windows\system32\msvcrt.dll
0x00007ffd1fd30000 - 0x00007ffd1fd5e000 	C:\Windows\SYSTEM32\SspiCli.dll
0x00007ffd20560000 - 0x00007ffd205b4000 	C:\Windows\system32\SHLWAPI.dll
0x00007ffd20680000 - 0x00007ffd207f7000 	C:\Windows\system32\USER32.dll
0x00007ffd20d00000 - 0x00007ffd20e94000 	C:\Windows\system32\ole32.dll
0x00007ffd218e0000 - 0x00007ffd22df8000 	C:\Windows\system32\SHELL32.dll
0x00007ffd1f4a0000 - 0x00007ffd1f4c1000 	C:\Windows\SYSTEM32\USERENV.dll
0x00007ffd21200000 - 0x00007ffd212aa000 	C:\Windows\system32\ADVAPI32.dll
0x00007ffd11bd0000 - 0x00007ffd11bee000 	C:\Windows\SYSTEM32\MPR.dll
0x00007ffd20810000 - 0x00007ffd20951000 	C:\Windows\system32\RPCRT4.dll
0x00007ffd20620000 - 0x00007ffd20679000 	C:\Windows\SYSTEM32\sechost.dll
0x00007ffd20970000 - 0x00007ffd20b81000 	C:\Windows\SYSTEM32\combase.dll
0x00007ffd21720000 - 0x00007ffd21870000 	C:\Windows\system32\GDI32.dll
0x00007ffd1ff60000 - 0x00007ffd1ff75000 	C:\Windows\SYSTEM32\profapi.dll
0x00007ffd1eab0000 - 0x00007ffd1eb62000 	C:\Windows\SYSTEM32\SHCORE.dll
0x00007ffd211c0000 - 0x00007ffd211f6000 	C:\Windows\system32\IMM32.DLL
0x00007ffd20ba0000 - 0x00007ffd20cf1000 	C:\Windows\system32\MSCTF.dll
0x00007ffd1dea0000 - 0x00007ffd1e11a000 	C:\Windows\WinSxS\amd64_microsoft.windows.common-controls_6595b64144ccf1df_6.0.9600.17810_none_6240b9c7ecbd0bda\COMCTL32.dll
0x0000000065450000 - 0x0000000065522000 	C:\Program Files\Java\jdk1.8.0_60\jre\bin\msvcr100.dll
0x0000000065b30000 - 0x00000000663b9000 	C:\Program Files\Java\jdk1.8.0_60\jre\bin\server\jvm.dll
0x00007ffd17610000 - 0x00007ffd17619000 	C:\Windows\SYSTEM32\WSOCK32.dll
0x00007ffd1e480000 - 0x00007ffd1e4a2000 	C:\Windows\SYSTEM32\WINMM.dll
0x00007ffd1e4b0000 - 0x00007ffd1e4ba000 	C:\Windows\SYSTEM32\VERSION.dll
0x00007ffd21460000 - 0x00007ffd21467000 	C:\Windows\system32\PSAPI.DLL
0x00007ffd20ec0000 - 0x00007ffd20f1a000 	C:\Windows\system32\WS2_32.dll
0x00007ffd1da50000 - 0x00007ffd1da7a000 	C:\Windows\SYSTEM32\WINMMBASE.dll
0x00007ffd20b90000 - 0x00007ffd20b99000 	C:\Windows\system32\NSI.dll
0x00007ffd201b0000 - 0x00007ffd201ff000 	C:\Windows\SYSTEM32\cfgmgr32.dll
0x00007ffd1ed70000 - 0x00007ffd1ed98000 	C:\Windows\SYSTEM32\DEVOBJ.dll
0x0000000065b20000 - 0x0000000065b2f000 	C:\Program Files\Java\jdk1.8.0_60\jre\bin\verify.dll
0x0000000065af0000 - 0x0000000065b19000 	C:\Program Files\Java\jdk1.8.0_60\jre\bin\java.dll
0x0000000065ad0000 - 0x0000000065ae6000 	C:\Program Files\Java\jdk1.8.0_60\jre\bin\zip.dll

VM Arguments:
jvm_args: -Xmx1024M -Dfile.encoding=UTF-8 -Duser.country=US -Duser.language=en -Duser.variant 
java_command: com.android.dx.command.Main --dex --num-threads=4 --output D:\scheduler\Scheduler\app\build\intermediates\dex\debug D:\scheduler\Scheduler\app\build\intermediates\classes\debug D:\scheduler\Scheduler\app\build\intermediates\pre-dexed\debug\support-annotations-23.0.0-40d44c85bf99d4726cd6b94d0d29fcc276b1d1f6.jar D:\scheduler\Scheduler\app\build\intermediates\pre-dexed\debug\internal_impl-23.0.0-5fc4791c3eec23df31d0e5a1237c38f44cd52ec1.jar D:\scheduler\Scheduler\app\build\intermediates\pre-dexed\debug\classes-3e09610bdac7229d36a21f0afc71d3bdf1aea254.jar D:\scheduler\Scheduler\app\build\intermediates\pre-dexed\debug\classes-d78ed4e6cab8ffbe517405eb5f4561e403d8b0a5.jar
java_class_path (initial): C:\Users\Angga Ari Wijaya\AppData\Local\Android\sdk\build-tools\23.0.0\lib\dx.jar
Launcher Type: SUN_STANDARD

Environment Variables:
PATH=C:\ProgramData\Oracle\Java\javapath;C:\Windows\system32;C:\Windows;C:\Windows\System32\Wbem;C:\Windows\System32\WindowsPowerShell\v1.0\;C:\Program Files (x86)\NVIDIA Corporation\PhysX\Common;C:\HashiCorp\Vagrant\bin;C:\xampp\php;C:\ProgramData\ComposerSetup\bin;C:\Program Files (x86)\QuickTime\QTSystem\
USERNAME=Angga
OS=Windows_NT
PROCESSOR_IDENTIFIER=Intel64 Family 6 Model 69 Stepping 1, GenuineIntel



---------------  S Y S T E M  ---------------

OS: Windows 8.1 , 64 bit Build 9600 (6.3.9600.17415)

CPU:total 4 (2 cores per cpu, 2 threads per core) family 6 model 69 stepping 1, cmov, cx8, fxsr, mmx, sse, sse2, sse3, ssse3, sse4.1, sse4.2, popcnt, avx, avx2, aes, clmul, erms, lzcnt, ht, tsc, tscinvbit, bmi1, bmi2

Memory: 4k page, physical 4095988k(513776k free), swap 7241716k(6088k free)

vm_info: Java HotSpot(TM) 64-Bit Server VM (25.60-b23) for windows-amd64 JRE (1.8.0_60-b27), built on Aug  4 2015 11:06:27 by "java_re" with MS VC++ 10.0 (VS2010)

time: Fri Oct 09 09:41:17 2015
elapsed time: 2 seconds (0d 0h 0m 2s)

